Build started 2017-01-21 08:14:57.
     1>Project "M:\Cpp\lab-projects\lab8\lab8_1\lab8_1\lab8_1.vcxproj" on node 2 (Build target(s)).
     1>ClCompile:
         C:\Program Files (x86)\Microsoft Visual Studio 12.0\VC\bin\x86_amd64\CL.exe /c /Zi /nologo /W3 /WX- /sdl /Od /D _DEBUG /D _CONSOLE /D _UNICODE /D UNICODE /Gm /EHsc /RTC1 /MDd /GS /fp:precise /Zc:wchar_t /Zc:forScope /Yc"stdafx.h" /Fp"x64\Debug\lab8_1.pch" /Fo"x64\Debug\\" /Fd"x64\Debug\vc120.pdb" /Gd /TP /errorReport:prompt stdafx.cpp
         stdafx.cpp
         C:\Program Files (x86)\Microsoft Visual Studio 12.0\VC\bin\x86_amd64\CL.exe /c /Zi /nologo /W3 /WX- /sdl /Od /D _DEBUG /D _CONSOLE /D _UNICODE /D UNICODE /Gm /EHsc /RTC1 /MDd /GS /fp:precise /Zc:wchar_t /Zc:forScope /Yu"stdafx.h" /Fp"x64\Debug\lab8_1.pch" /Fo"x64\Debug\\" /Fd"x64\Debug\vc120.pdb" /Gd /TP /errorReport:prompt DYREKTOR.cpp DYREKTOR_HANDL.cpp lab8_1.cpp PERSONEL.cpp PRACOWNIK.cpp SPRZEDAWCA.cpp
         SPRZEDAWCA.cpp
         PRACOWNIK.cpp
     1>PRACOWNIK.cpp(16): warning C4244: 'argument' : conversion from 'double' to 'int', possible loss of data
         PERSONEL.cpp
         lab8_1.cpp
         DYREKTOR_HANDL.cpp
         DYREKTOR.cpp
         Generating Code...
       Link:
         C:\Program Files (x86)\Microsoft Visual Studio 12.0\VC\bin\x86_amd64\link.exe /ERRORREPORT:PROMPT /OUT:"M:\Cpp\lab-projects\lab8\lab8_1\x64\Debug\lab8_1.exe" /INCREMENTAL /NOLOGO kernel32.lib user32.lib gdi32.lib winspool.lib comdlg32.lib advapi32.lib shell32.lib ole32.lib oleaut32.lib uuid.lib odbc32.lib odbccp32.lib /MANIFEST /MANIFESTUAC:"level='asInvoker' uiAccess='false'" /manifest:embed /DEBUG /PDB:"M:\Cpp\lab-projects\lab8\lab8_1\x64\Debug\lab8_1.pdb" /SUBSYSTEM:CONSOLE /TLBID:1 /DYNAMICBASE /NXCOMPAT /IMPLIB:"M:\Cpp\lab-projects\lab8\lab8_1\x64\Debug\lab8_1.lib" /MACHINE:X64 x64\Debug\DYREKTOR.obj
         x64\Debug\DYREKTOR_HANDL.obj
         x64\Debug\lab8_1.obj
         x64\Debug\PERSONEL.obj
         x64\Debug\PRACOWNIK.obj
         x64\Debug\SPRZEDAWCA.obj
         x64\Debug\stdafx.obj
         lab8_1.vcxproj -> M:\Cpp\lab-projects\lab8\lab8_1\x64\Debug\lab8_1.exe
     1>Done Building Project "M:\Cpp\lab-projects\lab8\lab8_1\lab8_1\lab8_1.vcxproj" (Build target(s)).

Build succeeded.

Time Elapsed 00:00:11.94
